[ 2016-09-07T09:32:00+08:00 ] 127.0.0.1 /index.php?title=%E9%98%BF%E4%B8%89%E7%9A%84%E5%8F%91%E7%94%9F%E5%9C%B0%E6%96%B9&keywords=%E5%8F%91%E6%92%92%E5%9C%B0%E6%96%B9&comment=on&editorValue=%3Cp%3E%E6%92%92%E6%97%A6%E5%8F%91%E7%94%9F%E5%A4%A7%E5%B9%85%3C%2Fp%3E
INFO: [ app_init ] --START--
INFO: Run Behavior\BuildLiteBehavior [ RunTime:0.000000s ]
INFO: [ app_init ] --END-- [ RunTime:0.001000s ]
INFO: [ app_begin ] --START--
INFO: Run Behavior\ReadHtmlCacheBehavior [ RunTime:0.001000s ]
INFO: [ app_begin ] --END-- [ RunTime:0.001000s ]
INFO: [ view_parse ] --START--
INFO: [ template_filter ] --START--
INFO: Run Behavior\ContentReplaceBehavior [ RunTime:0.000000s ]
INFO: [ template_filter ] --END-- [ RunTime:0.000000s ]
NOTIC: [8] Undefined variable: module D:\phpStudy2014\phpStudy\think_hsblog\core\Common\functions.php 第 990 行.
NOTIC: [8] Undefined variable: var D:\phpStudy2014\phpStudy\think_hsblog\core\Common\functions.php 第 990 行.
NOTIC: [2] array_reverse() expects parameter 1 to be array, null given D:\phpStudy2014\phpStudy\think_hsblog\core\Common\functions.php 第 990 行.
NOTIC: [2] http_build_query(): Parameter 1 expected to be Array or Object.  Incorrect value given D:\phpStudy2014\phpStudy\think_hsblog\core\Common\functions.php 第 990 行.
INFO: Run Behavior\ParseTemplateBehavior [ RunTime:0.509029s ]
INFO: [ view_parse ] --END-- [ RunTime:0.509029s ]
INFO: [ view_filter ] --START--
INFO: Run Behavior\WriteHtmlCacheBehavior [ RunTime:0.001000s ]
INFO: [ view_filter ] --END-- [ RunTime:0.001000s ]
INFO: [ app_end ] --START--
INFO: Run Behavior\ShowPageTraceBehavior [ RunTime:0.002000s ]
INFO: [ app_end ] --END-- [ RunTime:0.002000s ]

[ 2016-09-07T09:33:08+08:00 ] 127.0.0.1 /index.php?title=%E6%92%92%E5%AF%B9%E6%96%B9%E7%9A%84%E8%BA%AB%E4%BB%BD&keywords=%E6%92%92%E6%97%A6%E6%B3%95&comment=on&editorValue=%3Cp%3E%E7%88%B1%E4%B8%8A%E5%AF%B9%E6%96%B9%E6%92%92%E6%97%A6%E6%B3%95%E5%8F%B2%E8%92%82%E5%A4%AB%3C%2Fp%3E
INFO: [ app_init ] --START--
INFO: Run Behavior\BuildLiteBehavior [ RunTime:0.000000s ]
INFO: [ app_init ] --END-- [ RunTime:0.001000s ]
INFO: [ app_begin ] --START--
INFO: Run Behavior\ReadHtmlCacheBehavior [ RunTime:0.003000s ]
INFO: [ app_begin ] --END-- [ RunTime:0.003000s ]
INFO: [ view_parse ] --START--
INFO: [ template_filter ] --START--
INFO: Run Behavior\ContentReplaceBehavior [ RunTime:0.001000s ]
INFO: [ template_filter ] --END-- [ RunTime:0.001000s ]
NOTIC: [8] Undefined variable: module D:\phpStudy2014\phpStudy\think_hsblog\core\Common\functions.php 第 990 行.
NOTIC: [8] Undefined variable: var D:\phpStudy2014\phpStudy\think_hsblog\core\Common\functions.php 第 990 行.
NOTIC: [2] array_reverse() expects parameter 1 to be array, null given D:\phpStudy2014\phpStudy\think_hsblog\core\Common\functions.php 第 990 行.
NOTIC: [2] http_build_query(): Parameter 1 expected to be Array or Object.  Incorrect value given D:\phpStudy2014\phpStudy\think_hsblog\core\Common\functions.php 第 990 行.
INFO: Run Behavior\ParseTemplateBehavior [ RunTime:0.046003s ]
INFO: [ view_parse ] --END-- [ RunTime:0.046003s ]
INFO: [ view_filter ] --START--
INFO: Run Behavior\WriteHtmlCacheBehavior [ RunTime:0.001000s ]
INFO: [ view_filter ] --END-- [ RunTime:0.001000s ]
INFO: [ app_end ] --START--
INFO: Run Behavior\ShowPageTraceBehavior [ RunTime:0.001000s ]
INFO: [ app_end ] --END-- [ RunTime:0.001000s ]

[ 2016-09-07T09:33:30+08:00 ] 127.0.0.1 /index.php?title=&keywords=
INFO: [ app_init ] --START--
INFO: Run Behavior\BuildLiteBehavior [ RunTime:0.000000s ]
INFO: [ app_init ] --END-- [ RunTime:0.001000s ]
INFO: [ app_begin ] --START--
INFO: Run Behavior\ReadHtmlCacheBehavior [ RunTime:0.001000s ]
INFO: [ app_begin ] --END-- [ RunTime:0.001000s ]
INFO: [ view_parse ] --START--
INFO: [ template_filter ] --START--
INFO: Run Behavior\ContentReplaceBehavior [ RunTime:0.000000s ]
INFO: [ template_filter ] --END-- [ RunTime:0.001000s ]
NOTIC: [8] Undefined variable: module D:\phpStudy2014\phpStudy\think_hsblog\core\Common\functions.php 第 990 行.
NOTIC: [8] Undefined variable: var D:\phpStudy2014\phpStudy\think_hsblog\core\Common\functions.php 第 990 行.
NOTIC: [2] array_reverse() expects parameter 1 to be array, null given D:\phpStudy2014\phpStudy\think_hsblog\core\Common\functions.php 第 990 行.
NOTIC: [2] http_build_query(): Parameter 1 expected to be Array or Object.  Incorrect value given D:\phpStudy2014\phpStudy\think_hsblog\core\Common\functions.php 第 990 行.
INFO: Run Behavior\ParseTemplateBehavior [ RunTime:0.025002s ]
INFO: [ view_parse ] --END-- [ RunTime:0.025002s ]
INFO: [ view_filter ] --START--
INFO: Run Behavior\WriteHtmlCacheBehavior [ RunTime:0.000000s ]
INFO: [ view_filter ] --END-- [ RunTime:0.000000s ]
INFO: [ app_end ] --START--
INFO: Run Behavior\ShowPageTraceBehavior [ RunTime:0.001000s ]
INFO: [ app_end ] --END-- [ RunTime:0.002000s ]

